#######################################################################################
# log primitive debug message of FSDB dumping                                         #
# This is for R&D to analyze when there are issues happening when FSDB dump           #
#######################################################################################
ANF: vcsd_get_serial_mode_status('simv: undefined symbol: vcsd_get_serial_mode_status')
ANF: vcsd_enable_sva_success_callback('simv: undefined symbol: vcsd_enable_sva_success_callback')
ANF: vcsd_disable_sva_success_callback('simv: undefined symbol: vcsd_disable_sva_success_callback')
ANF: vcsd_get_power_scope_name('simv: undefined symbol: vcsd_get_power_scope_name')
ANF: vcsd_begin_no_value_var_info('simv: undefined symbol: vcsd_begin_no_value_var_info')
ANF: vcsd_end_no_value_var_info('simv: undefined symbol: vcsd_end_no_value_var_info')
ANF: vcsd_remove_xprop_merge_mode_callback('simv: undefined symbol: vcsd_remove_xprop_merge_mode_callback')
ANF: vhpi_get_cb_info('simv: undefined symbol: vhpi_get_cb_info')
ANF: vhpi_free_handle('simv: undefined symbol: vhpi_free_handle')
ANF: vhpi_fetch_vcsd_handle('simv: undefined symbol: vhpi_fetch_vcsd_handle')
ANF: vhpi_fetch_vpi_handle('simv: undefined symbol: vhpi_fetch_vpi_handle')
ANF: vhpi_has_verilog_parent('simv: undefined symbol: vhpi_has_verilog_parent')
ANF: vhpi_is_verilog_scope('simv: undefined symbol: vhpi_is_verilog_scope')
ANF: scsd_xprop_is_enabled('simv: undefined symbol: scsd_xprop_is_enabled')
ANF: scsd_xprop_sig_is_promoted('simv: undefined symbol: scsd_xprop_sig_is_promoted')
ANF: scsd_xprop_int_xvalue('simv: undefined symbol: scsd_xprop_int_xvalue')
ANF: scsd_xprop_bool_xvalue('simv: undefined symbol: scsd_xprop_bool_xvalue')
ANF: scsd_xprop_enum_xvalue('simv: undefined symbol: scsd_xprop_enum_xvalue')
ANF: scsd_xprop_register_merge_mode_cb('simv: undefined symbol: scsd_xprop_register_merge_mode_cb')
ANF: scsd_xprop_delete_merge_mode_cb('simv: undefined symbol: scsd_xprop_delete_merge_mode_cb')
ANF: scsd_xprop_get_merge_mode('simv: undefined symbol: scsd_xprop_get_merge_mode')
ANF: scsd_thread_get_info('simv: undefined symbol: scsd_thread_get_info')
ANF: scsd_thread_vc_init('simv: undefined symbol: scsd_thread_vc_init')
ANF: scsd_master_set_delta_sync_cbk('simv: undefined symbol: scsd_master_set_delta_sync_cbk')
ANF: scsd_fgp_get_fsdb_cores('simv: undefined symbol: scsd_fgp_get_fsdb_cores')
ANF: scsd_fgp_get_is_cpu_affinity_disabled('simv: undefined symbol: scsd_fgp_get_is_cpu_affinity_disabled')
ANF: vhdi_dt_get_type('simv: undefined symbol: vhdi_dt_get_type')
ANF: vhdi_dt_get_key('simv: undefined symbol: vhdi_dt_get_key')
ANF: vhdi_dt_get_vhdl_enum_info('simv: undefined symbol: vhdi_dt_get_vhdl_enum_info')
ANF: vhdi_dt_get_vhdl_physical_info('simv: undefined symbol: vhdi_dt_get_vhdl_physical_info')
ANF: vhdi_dt_get_vhdl_array_info('simv: undefined symbol: vhdi_dt_get_vhdl_array_info')
ANF: vhdi_dt_get_vhdl_record_info('simv: undefined symbol: vhdi_dt_get_vhdl_record_info')
ANF: vhdi_def_traverse_module('simv: undefined symbol: vhdi_def_traverse_module')
ANF: vhdi_def_traverse_scope('simv: undefined symbol: vhdi_def_traverse_scope')
ANF: vhdi_def_traverse_variable('simv: undefined symbol: vhdi_def_traverse_variable')
ANF: vhdi_def_get_module_id_by_vhpi('simv: undefined symbol: vhdi_def_get_module_id_by_vhpi')
ANF: vhdi_def_get_handle_by_module_id('simv: undefined symbol: vhdi_def_get_handle_by_module_id')
ANF: vhdi_def_get_variable_info_by_vhpi('simv: undefined symbol: vhdi_def_get_variable_info_by_vhpi')
ANF: vhdi_def_free('simv: undefined symbol: vhdi_def_free')
ANF: vhdi_ist_traverse_scope('simv: undefined symbol: vhdi_ist_traverse_scope')
ANF: vhdi_ist_traverse_variable('simv: undefined symbol: vhdi_ist_traverse_variable')
ANF: vhdi_ist_convert_by_vhpi('simv: undefined symbol: vhdi_ist_convert_by_vhpi')
ANF: vhdi_ist_clone('simv: undefined symbol: vhdi_ist_clone')
ANF: vhdi_ist_free('simv: undefined symbol: vhdi_ist_free')
ANF: vhdi_ist_hash_key('simv: undefined symbol: vhdi_ist_hash_key')
ANF: vhdi_ist_compare('simv: undefined symbol: vhdi_ist_compare')
ANF: vhdi_ist_get_value_addr('simv: undefined symbol: vhdi_ist_get_value_addr')
ANF: vhdi_set_scsd_callback('simv: undefined symbol: vhdi_set_scsd_callback')
ANF: vhdi_cbk_set_force_callback('simv: undefined symbol: vhdi_cbk_set_force_callback')
ANF: vhdi_trigger_init_force('simv: undefined symbol: vhdi_trigger_init_force')
ANF: vhdi_ist_check_scsd_callback('simv: undefined symbol: vhdi_ist_check_scsd_callback')
ANF: vhdi_ist_add_scsd_callback('simv: undefined symbol: vhdi_ist_add_scsd_callback')
ANF: vhdi_ist_remove_scsd_callback('simv: undefined symbol: vhdi_ist_remove_scsd_callback')
ANF: vhdi_ist_get_scsd_user_data('simv: undefined symbol: vhdi_ist_get_scsd_user_data')
ANF: vhdi_add_time_change_callback('simv: undefined symbol: vhdi_add_time_change_callback')
ANF: vhdi_get_real_value_by_value_addr('simv: undefined symbol: vhdi_get_real_value_by_value_addr')
ANF: vhdi_get_64_value_by_value_addr('simv: undefined symbol: vhdi_get_64_value_by_value_addr')
ANF: vhdi_xprop_inst_is_promoted('simv: undefined symbol: vhdi_xprop_inst_is_promoted')
ANF: vdi_ist_convert_by_vhdi('simv: undefined symbol: vdi_ist_convert_by_vhdi')
ANF: vhdi_ist_get_module_id('simv: undefined symbol: vhdi_ist_get_module_id')
ANF: vhdi_refine_foreign_scope_type('simv: undefined symbol: vhdi_refine_foreign_scope_type')
ANF: vhdi_flush_callback('simv: undefined symbol: vhdi_flush_callback')
ANF: vhdi_set_orig_name('simv: undefined symbol: vhdi_set_orig_name')
ANF: vhdi_set_dump_pt('simv: undefined symbol: vhdi_set_dump_pt')
ANF: vhdi_get_fsdb_option('simv: undefined symbol: vhdi_get_fsdb_option')
ANF: vhdi_fgp_get_mode('simv: undefined symbol: vhdi_fgp_get_mode')
ANF: vhdi_node_register_composite_var('simv: undefined symbol: vhdi_node_register_composite_var')
ANF: vhdi_node_analysis('simv: undefined symbol: vhdi_node_analysis')
ANF: vhdi_node_id('simv: undefined symbol: vhdi_node_id')
ANF: vhdi_node_ist_check_scsd_callback('simv: undefined symbol: vhdi_node_ist_check_scsd_callback')
ANF: vhdi_node_ist_add_scsd_callback('simv: undefined symbol: vhdi_node_ist_add_scsd_callback')
ANF: vhdi_node_ist_get_value_addr('simv: undefined symbol: vhdi_node_ist_get_value_addr')
ANF: vhdi_enc_def_traverse_module('simv: undefined symbol: vhdi_enc_def_traverse_module')
ANF: vhdi_enc_def_traverse_scope('simv: undefined symbol: vhdi_enc_def_traverse_scope')
ANF: vhdi_enc_def_traverse_variable('simv: undefined symbol: vhdi_enc_def_traverse_variable')
ANF: vhdi_enc_ist_traverse_scope('simv: undefined symbol: vhdi_enc_ist_traverse_scope')
ANF: vhdi_enc_ist_traverse_variable('simv: undefined symbol: vhdi_enc_ist_traverse_variable')
ANF: vhdi_enc_ist_get_module_id('simv: undefined symbol: vhdi_enc_ist_get_module_id')
ANF: vhdi_enc_def_get_handle_by_module_id('simv: undefined symbol: vhdi_enc_def_get_handle_by_module_id')
VCS compile option:
 option[0]: simv
 option[1]: +v2k
 option[2]: +nospecify
 option[3]: +notimingchecks
 option[4]: +libext+.v+.sv+.inc+.h
 option[5]: /export/SoftWare/Synopsys/vcs/T-2022.06/linux64/bin/vcs1
 option[6]: -Mcc=gcc
 option[7]: -Mcplusplus=g++
 option[8]: -Masflags=
 option[9]: -Mcfl= -pipe -fPIC -O -I/export/SoftWare/Synopsys/vcs/T-2022.06/include 
 option[10]: -Mxllcflags=
 option[11]: -Mxcflags= -pipe -fPIC -I/export/SoftWare/Synopsys/vcs/T-2022.06/include
 option[12]: -Mldflags= -rdynamic 
 option[13]: -Mout=simv
 option[14]: -Mamsrun=
 option[15]: -Mvcsaceobjs=
 option[16]: -Mobjects= /export/SoftWare/Synopsys/vcs/T-2022.06/linux64/lib/libvirsim.so /export/SoftWare/Synopsys/vcs/T-2022.06/linux64/lib/liberrorinf.so /export/SoftWare/Synopsys/vcs/T-2022.06/linux64/lib/libsnpsmalloc.so /export/SoftWare/Synopsys/vcs/T-2022.06/linux64/lib/libvfs.so 
 option[17]: -Mexternalobj=
 option[18]: -Msaverestoreobj=/export/SoftWare/Synopsys/vcs/T-2022.06/linux64/lib/vcs_save_restore_new.o
 option[19]: -Mcrt0=
 option[20]: -Mcrtn=
 option[21]: -Mcsrc=
 option[22]: -Mupdate
 option[23]: -Msyslibs=/export/SoftWare/Synopsys/verdi/T-2022.06/share/PLI/VCS/LINUX64/pli.a -ldl 
 option[24]: -Xvcs_run_simv=1
 option[25]: +v2k
 option[26]: -kdb
 option[27]: -Xufe=2steps
 option[28]: +nospecify
 option[29]: +notimingchecks
 option[30]: -timescale=1ns/100ps
 option[31]: +libext+.v+.sv+.inc+.h
 option[32]: -full64
 option[33]: -debug_access+all
 option[34]: +vpi
 option[35]: +vcsd1
 option[36]: +itf+/export/SoftWare/Synopsys/vcs/T-2022.06/linux64/lib/vcsdp_lite.tab
 option[37]: -picarchive
 option[38]: -P
 option[39]: /export/SoftWare/Synopsys/verdi/T-2022.06/share/PLI/VCS/LINUX64/verdi.tab
 option[40]: -fsdb
 option[41]: -sverilog
 option[42]: -gen_obj
 option[43]: /home/master/xuantie/wujian100_open//tb/tb.v
 option[44]: /home/master/xuantie/wujian100_open//workdir/
 option[45]: +incdir+../workdir+../soc/params+../tb
 option[46]: -v
 option[47]: ../tb/tb.v
 option[48]: -v
 option[49]: ../tb/busmnt.v
 option[50]: -v
 option[51]: ../tb/virtual_counter.v
 option[52]: -y
 option[53]: ../tb/
 option[54]: -v
 option[55]: ../soc/sim_lib/PAD_DIG_IO.v
 option[56]: ../soc/sim_lib/PAD_OSC_IO.v
 option[57]: ../soc/sim_lib/STD_CELL.v
 option[58]: ../soc/sim_lib/fpga_byte_spram.v
 option[59]: ../soc/sim_lib/fpga_spram.v
 option[60]: -v
 option[61]: ../soc/E902_20191018.v
 option[62]: ../soc/ahb_matrix_top.v
 option[63]: ../soc/aou_top.v
 option[64]: ../soc/apb0.v
 option[65]: ../soc/apb0_sub_top.v
 option[66]: ../soc/apb1.v
 option[67]: ../soc/apb1_sub_top.v
 option[68]: ../soc/clkgen.v
 option[69]: ../soc/common.v
 option[70]: ../soc/core_top.v
 option[71]: ../soc/dmac.v
 option[72]: ../soc/dummy.v
 option[73]: ../soc/gpio0.v
 option[74]: ../soc/ls_sub_top.v
 option[75]: ../soc/matrix.v
 option[76]: ../soc/pdu_top.v
 option[77]: ../soc/pwm.v
 option[78]: ../soc/retu_top.v
 option[79]: ../soc/rtc.v
 option[80]: ../soc/sms.v
 option[81]: ../soc/smu_top.v
 option[82]: ../soc/tim.v
 option[83]: ../soc/tim1.v
 option[84]: ../soc/tim2.v
 option[85]: ../soc/tim3.v
 option[86]: ../soc/tim4.v
 option[87]: ../soc/tim5.v
 option[88]: ../soc/tim6.v
 option[89]: ../soc/tim7.v
 option[90]: ../soc/usi0.v
 option[91]: ../soc/usi1.v
 option[92]: ../soc/wdt.v
 option[93]: ../soc/wujian100_open_top.v
 option[94]: -load
 option[95]: /export/SoftWare/Synopsys/verdi/T-2022.06/share/PLI/VCS/LINUX64/libnovas.so:FSDBDumpCmd
 option[96]: timescale=1ns/100ps
Chronologic Simulation VCS Release T-2022.06_Full64
Linux 3.10.0-1160.el7.x86_64 #1 SMP Mon Oct 19 16:18:59 UTC 2020 x86_64
CPU cores: 1
Limit information:
======================================
cputime		unlimited
filesize		unlimited
datasize		unlimited
stacksize		8193 kbytes
coredumpsize		0 kbytes
memoryuse		unlimited
vmemoryuse		unlimited
descriptors		4096
memorylocked		64 kbytes
maxproc		4096
======================================
(Special)Runtime environment variables:

Runtime environment variables:
INDAGO_HOME=/export/SoftWare/Cadence/INDAGOMAIN20.09.002
XDG_VTNR=1
PRIMETIME_HOME=/export/SoftWare/Synopsys/pts/O-2018.06-SP1
INNOVUS_HOME=/export/SoftWare/Cadence/INNOVUS20.10.000
NIOS2EDS_HOME=/export/SoftWare/Altera/QuartusPrimeStd_2018/nios2eds
MANPATH=:
SYNOPSYS_LC_ROOT=/export/SoftWare/Synopsys/lc/O-2018.06-SP1
SSH_AGENT_PID=2738
XDG_SESSION_ID=1
TCAD_HOME=/export/SoftWare/Silvaco/TCAD_2018
HOSTNAME=icpc
SNPS_VERDI_INTERNAL_LP_XML_NEW_FLOW=1
UNAME=/bin/uname
TESSENT_PATH=/export/SoftWare/Mentor/Tessent_2021_2
IMSETTINGS_INTEGRATE_DESKTOP=yes
SCRNAME=vcs
VCS_DEPTH=0
VTE_VERSION=5204
MODULES_CMD=/export/SoftWare/Module/installed/libexec/modulecmd.tcl
HOST=icpc
SHELL=/bin/bash
XDG_MENU_PREFIX=gnome-
IDENTIFY_HOME=/export/SoftWare/Synopsys/identify/N-2018.03-SP1
TERM=xterm-256color
HISTSIZE=1000
TOOL_PATH=/home/master/xuantie/riscv_toolchain
STAR_RCXT_HOME=/export/SoftWare/Synopsys/starrc/O-2018.06-SP1
PRIMEWAVE_HOME=/export/SoftWare/Synopsys/primewave/S-2021.09
RedHawk_HOME=/export/SoftWare/Ansys/Redhawk2019/RedHawk_Linux64e5_V19.0.3
ossSimUserSiDir=/export/SoftWare/Keysight/ADS2020_update2/idf/ads_site/si
CONDA_SHLVL=1
LAKER_HOME=/export/SoftWare/Synopsys/laker/2018.12
XA_HOME=/export/SoftWare/Synopsys/xa/O-2018.09-SP5
CONDA_PROMPT_MODIFIER=(base) 
QUESTASIM_HOME=/export/SoftWare/Mentor/QuestaSim_2021.2_1/questasim
SSV_HOME=/export/SoftWare/Cadence/SSV20.20.000
XCELIUMMAIN_HOME=/export/SoftWare/Cadence/XCELIUMMAIN20.09.009
GNOME_TERMINAL_SCREEN=/org/gnome/Terminal/screen/4c4eedb7_5d84_43b9_add5_9f0091140382
SPECTRE_HOME=/export/SoftWare/Cadence/SPECTRE20.10.534
GSETTINGS_SCHEMA_DIR_CONDA_BACKUP=
VIVADO_HOME=/export/SoftWare/Xilinx/Vivado_2019.1/Vivado/2019.1
CDS_LOAD_ENV=CWD
QTDIR=/usr/lib64/qt-3.3
EMX_INTERFACE_PATH=/export/SoftWare/Cadence/INTEGRAND60.00.000/cadence6/emxinterface
JLS_HOME=/export/SoftWare/Cadence/JLS20.12.000
QTINC=/usr/lib64/qt-3.3/include
QPROGRAMMER_HOME=/export/SoftWare/Altera/QuartusPrimeStd_2018/qprogrammer
NANOTIME_HOME=/export/SoftWare/Synopsys/nt/O-2018.06-SP5
CDS_HOME=/export/SoftWare/Cadence/IC06.18.290
LIBERATE_HOME=/export/SoftWare/Cadence/LIBERATE20.10.674
VMANAGERHOME=/export/SoftWare/Cadence/VMANAGERMAIN20.09.002
LC_ALL=C
MATLAB_HOME=/export/SoftWare/MathWork/MatlabR2020a
IDEAIU_HOME=/export/SoftWare/JetBrains/idea-IU-231.8109.175
SNPS_VCS_INTERNAL_ROOT_PID=72996
IMSETTINGS_MODULE=none
CUSTOMCOMPILER_HOME=/export/SoftWare/Synopsys/customcompiler/O-2018.09-SP1
QT_GRAPHICSSYSTEM_CHECKED=1
PVS_HOME=/export/SoftWare/Cadence/PVS20.11.000
QUANTUS_HOME=/export/SoftWare/Cadence/QUANTUS20.12.000
USER=master
LS_COLORS=rs=0:di=38;5;27:ln=38;5;51:mh=44;38;5;15:pi=40;38;5;11:so=38;5;13:do=38;5;5:bd=48;5;232;38;5;11:cd=48;5;232;38;5;3:or=48;5;232;38;5;9:mi=05;48;5;232;38;5;15:su=48;5;196;38;5;15:sg=48;5;11;38;5;16:ca=48;5;196;38;5;226:tw=48;5;10;38;5;16:ow=48;5;10;38;5;21:st=48;5;21;38;5;15:ex=38;5;34:*.tar=38;5;9:*.tgz=38;5;9:*.arc=38;5;9:*.arj=38;5;9:*.taz=38;5;9:*.lha=38;5;9:*.lz4=38;5;9:*.lzh=38;5;9:*.lzma=38;5;9:*.tlz=38;5;9:*.txz=38;5;9:*.tzo=38;5;9:*.t7z=38;5;9:*.zip=38;5;9:*.z=38;5;9:*.Z=38;5;9:*.dz=38;5;9:*.gz=38;5;9:*.lrz=38;5;9:*.lz=38;5;9:*.lzo=38;5;9:*.xz=38;5;9:*.bz2=38;5;9:*.bz=38;5;9:*.tbz=38;5;9:*.tbz2=38;5;9:*.tz=38;5;9:*.deb=38;5;9:*.rpm=38;5;9:*.jar=38;5;9:*.war=38;5;9:*.ear=38;5;9:*.sar=38;5;9:*.rar=38;5;9:*.alz=38;5;9:*.ace=38;5;9:*.zoo=38;5;9:*.cpio=38;5;9:*.7z=38;5;9:*.rz=38;5;9:*.cab=38;5;9:*.jpg=38;5;13:*.jpeg=38;5;13:*.gif=38;5;13:*.bmp=38;5;13:*.pbm=38;5;13:*.pgm=38;5;13:*.ppm=38;5;13:*.tga=38;5;13:*.xbm=38;5;13:*.xpm=38;5;13:*.tif=38;5;13:*.tiff=38;5;13:*.png=38;5;13:*.svg=38;5;13:*.svgz=38;5;13:*.mng=38;5;13:*.pcx=38;5;13:*.mov=38;5;13:*.mpg=38;5;13:*.mpeg=38;5;13:*.m2v=38;5;13:*.mkv=38;5;13:*.webm=38;5;13:*.ogm=38;5;13:*.mp4=38;5;13:*.m4v=38;5;13:*.mp4v=38;5;13:*.vob=38;5;13:*.qt=38;5;13:*.nuv=38;5;13:*.wmv=38;5;13:*.asf=38;5;13:*.rm=38;5;13:*.rmvb=38;5;13:*.flc=38;5;13:*.avi=38;5;13:*.fli=38;5;13:*.flv=38;5;13:*.gl=38;5;13:*.dl=38;5;13:*.xcf=38;5;13:*.xwd=38;5;13:*.yuv=38;5;13:*.cgm=38;5;13:*.emf=38;5;13:*.axv=38;5;13:*.anx=38;5;13:*.ogv=38;5;13:*.ogx=38;5;13:*.aac=38;5;45:*.au=38;5;45:*.flac=38;5;45:*.mid=38;5;45:*.midi=38;5;45:*.mka=38;5;45:*.mp3=38;5;45:*.mpc=38;5;45:*.ogg=38;5;45:*.ra=38;5;45:*.wav=38;5;45:*.axa=38;5;45:*.oga=38;5;45:*.spx=38;5;45:*.xspf=38;5;45:
MODUS_HOME=/export/SoftWare/Cadence/MODUS20.12.000
LD_LIBRARY_PATH=/export/SoftWare/Synopsys/vcs/T-2022.06/lib:/export/SoftWare/Synopsys/vcs/T-2022.06/linux64/lib:/export/SoftWare/Synopsys/vcs/T-2022.06/amd64/lib:/export/SoftWare/Mentor/Calibre_2021.2_28.15/aoi_cal_2021.2_28.15/shared/pkgs/icv/tools/calibre_client/lib/64:/export/SoftWare/Cadence/IC06.18.290/tools/lib:/export/SoftWare/Synopsys/vcs/O-2018.09-SP2/amd64/lib
EMPROHOME=/export/SoftWare/Keysight/ADS2020_update2/fem/2020.20/linux_x86_64/bin
CONFRML_HOME=/export/SoftWare/Cadence/CONFRML20.20.200
GNOME_TERMINAL_SERVICE=:1.113
HLS_HOME=/export/SoftWare/Altera/QuartusPrimeStd_2018/hls
XPEDION=/export/SoftWare/Keysight/GoldenGate-2020
wujian100_open_PATH=/home/master/xuantie/wujian100_open/
CONDA_EXE=/home/master/anaconda3/bin/conda
W3264_NO_HOST_CHECK=1
SILICONSMART_HOME=/export/SoftWare/Synopsys/siliconsmart/O-2018.09
CDS=/export/SoftWare/Cadence/IC06.18.290
SCRIPT_NAME=vcs
INDAGO_ROOT=/export/SoftWare/Cadence/INDAGOMAIN20.09.002
AMSV_HOME=/export/SoftWare/Mentor/amsv_2021_1
VCS_MX_HOME_INTERNAL=1
XPEDION_CADENCE_VERSION=618-64b
SSH_AUTH_SOCK=/run/user/1000/keyring/ssh
SNPS_VCS_CLANG_PATH=/export/SoftWare/Synopsys/vcs/T-2022.06/linux64/clang
DVE_HOME=/export/SoftWare/Synopsys/vcs/O-2018.09-SP2/gui/dve
USERNAME=master
EMX_path=/export/SoftWare/Cadence/INTEGRAND60.00.000/bin
MIDAS_HOME=/export/SoftWare/Cadence/MIDAS21.12.001
SENTAURUS_HOME=/export/SoftWare/Synopsys/sentaurus/O-2018.06-SP2
SESSION_MANAGER=local/unix:@/tmp/.ICE-unix/2608,unix/unix:/tmp/.ICE-unix/2608
APACHEDA_LICENSE_FILE=11112@icpc
SNPSLMD_LICENSE_FILE=27000@icpc
VCS_USER_OPTIONS=+v2k -Mupdate -sverilog -kdb +nospecify +notimingchecks -timescale=1ns/100ps /home/master/xuantie/wujian100_open//tb/tb.v /home/master/xuantie/wujian100_open//workdir/ +incdir+../workdir+../soc/params+../tb +libext+.v+.sv+.inc+.h -R -v ../tb/tb.v -v ../tb/busmnt.v -v ../tb/virtual_counter.v -y ../tb/ -v ../soc/sim_lib/PAD_DIG_IO.v ../soc/sim_lib/PAD_OSC_IO.v ../soc/sim_lib/STD_CELL.v ../soc/sim_lib/fpga_byte_spram.v ../soc/sim_lib/fpga_spram.v -v ../soc/E902_20191018.v ../soc/ahb_matrix_top.v ../soc/aou_top.v ../soc/apb0.v ../soc/apb0_sub_top.v ../soc/apb1.v ../soc/apb1_sub_top.v ../soc/clkgen.v ../soc/common.v ../soc/core_top.v ../soc/dmac.v ../soc/dummy.v ../soc/gpio0.v ../soc/ls_sub_top.v ../soc/matrix.v ../soc/pdu_top.v ../soc/pwm.v ../soc/retu_top.v ../soc/rtc.v ../soc/sms.v ../soc/smu_top.v ../soc/tim.v ../soc/tim1.v ../soc/tim2.v ../soc/tim3.v ../soc/tim4.v ../soc/tim5.v ../soc/tim6.v ../soc/tim7.v ../soc/usi0.v ../soc/usi1.v ../soc/wdt.v ../soc/wujian100_open_top.v -full64 -debug_access+all
ASIP_DESIGNER_HOME=/export/SoftWare/Synopsys/asip_designer/O-2018.09-SP3-1
OVA_UUM=0
VCS_MODE_FLAG=64
_CE_CONDA=
GENUS_HOME=/export/SoftWare/Cadence/GENUS20.12.001
SYN_HOME=/export/SoftWare/Synopsys/syn/O-2018.06-SP1
VC_STATIC_HOME=/export/SoftWare/Synopsys/vc_static/O-2018.09-SP1
EMPRO_LICENSE_FILE=/export/SoftWare/Keysight/license/license.lic
GNOME_SHELL_SESSION_MODE=classic
DESKTOP_SESSION=gnome-classic
PASHOME=/export/SoftWare/Cadence/PAS03.05.001
FINESIM_HOME=/export/SoftWare/Synopsys/finesim/O-2018.09-SP2
WEBSTORM_HOME=/export/SoftWare/JetBrains/WebStorm-231.8109.174
MAIL=/var/spool/mail/master
PATH=.:/export/SoftWare/Synopsys/verdi/T-2022.06/platform/linux64/bin:/export/SoftWare/Synopsys/verdi/T-2022.06/platform/LINUX64AMD/bin:/export/SoftWare/Synopsys/verdi/T-2022.06/platform/LINUX64/bin:/export/SoftWare/Synopsys/verdi/T-2022.06/bin:/export/SoftWare/Synopsys/vcs/T-2022.06/linux64/bin:/export/SoftWare/Synopsys/vcs/T-2022.06/amd64/bin:/export/SoftWare/Synopsys/vcs/T-2022.06/bin:/export/SoftWare/FlexNoc/FlexNoC-4.7.1/FlexNoC-4.7.1_install/bin:/home/master/anaconda3/bin:/export/SoftWare/FlexNoc/FlexNoC-4.7.1/FlexNoC-4.7.1_install/bin:/bin:/export/SoftWare/FlexNoc/FlexNoC-4.7.1/FlexNoC-4.7.1_install/bin:/bin:/home/master/anaconda3/condabin:/export/SoftWare/FlexNoc/FlexNoC-4.7.1/FlexNoC-4.7.1_install/bin:/export/SoftWare/FlexNoc/FlexNoC-4.7.1/FlexNoC-4.7.1_install/bin:/bin:/export/SoftWare/JetBrains/WebStorm-231.8109.174/bin:/export/SoftWare/JetBrains/RubyMine-2023.1/bin:/export/SoftWare/JetBrains/Rider-2023.1/bin:/export/SoftWare/JetBrains/PhpStorm-231.8109.199/bin:/export/SoftWare/JetBrains/idea-IU-231.8109.175/bin:/export/SoftWare/JetBrains/GoLand-2023.1/bin:/export/SoftWare/JetBrains/DataGrip-2023.1/bin:/export/SoftWare/JetBrains/clion-2023.1/bin:/export/SoftWare/JetBrains/pycharm-2023.1/bin:/export/SoftWare/Silvaco/TCAD_2018/bin:/export/SoftWare/Ansys/Totem2019/Totem_Linux64e6_V19.2.7/bin:/export/SoftWare/Ansys/Redhawk2019/RedHawk_Linux64e5_V19.0.3/bin:/export/SoftWare/Ansys/AnsysEM18.1/Linux64/bin:/export/SoftWare/Mentor/QuestaSim_2021.2_1/questasim/bin:/export/SoftWare/Mentor/amsv_2021_1/amsv/bin:/export/SoftWare/Mentor/TannerTools_2019.2/tanner/bin:/export/SoftWare/Mentor/Tessent_2021_2/bin:/export/SoftWare/Mentor/Calibre_2021.2_28.15/aoi_cal_2021.2_28.15/bin:/export/SoftWare/Cadence/SIG21.10.500/tools/dfII/bin:/export/SoftWare/Cadence/SIG21.10.500/tools/bin:/export/SoftWare/Cadence/SIG21.10.500/bin:/export/SoftWare/Cadence/CEREBRUS21.13.000/lib/python/bin:/export/SoftWare/Cadence/CEREBRUS21.13.000/bin:/export/SoftWare/Cadence/MIDAS21.12.001/tools.lnx86/dfII/bin:/export/SoftWare/Cadence/MIDAS21.12.001/tools.lnx86/bin:/export/SoftWare/Cadence/MIDAS21.12.001/bin:/export/SoftWare/Cadence/PAS03.05.001/tools/bin:/export/SoftWare/Cadence/INTEGRAND60.00.000/bin:/export/SoftWare/Cadence/SPB17.40.033/tools/dfII/bin:/export/SoftWare/Cadence/SPB17.40.033/tools/bin:/export/SoftWare/Cadence/SPB17.40.033/bin:/export/SoftWare/Cadence/LITMUS20.20.101/tools.lnx86/bin:/export/SoftWare/Cadence/LITMUS20.20.101/bin:/export/SoftWare/Cadence/MVS20.22.000/bin:/export/SoftWare/Cadence/PEGASUS20.40.000/bin:/export/SoftWare/Cadence/VMANAGERMAIN20.09.002/tools.lnx86/bin:/export/SoftWare/Cadence/VMANAGERMAIN20.09.002/bin:/export/SoftWare/Cadence/INDAGOMAIN20.09.002/tools.lnx86/bin:/export/SoftWare/Cadence/INDAGOMAIN20.09.002/bin:/export/SoftWare/Cadence/STRATUS20.26.100/tools.lnx86/dfII/bin:/export/SoftWare/Cadence/STRATUS20.26.100/tools.lnx86/bin:/export/SoftWare/Cadence/STRATUS20.26.100/bin:/export/SoftWare/Cadence/JASPERGOLD20.12.002/tools.lnx86/dfII/bin:/export/SoftWare/Cadence/JASPERGOLD20.12.002/tools.lnx86/bin:/export/SoftWare/Cadence/JASPERGOLD20.12.002/bin:/export/SoftWare/Cadence/JLS20.12.000/tools.lnx86/dfII/bin:/export/SoftWare/Cadence/JLS20.12.000/tools.lnx86/bin:/export/SoftWare/Cadence/JLS20.12.000/bin:/export/SoftWare/Cadence/SSV20.20.000/tools.lnx86/dfII/bin:/export/SoftWare/Cadence/SSV20.20.000/tools.lnx86/bin:/export/SoftWare/Cadence/SSV20.20.000/bin:/export/SoftWare/Cadence/LIBERATE20.10.674/tools.lnx86/dfII/bin:/export/SoftWare/Cadence/LIBERATE20.10.674/tools.lnx86/bin:/export/SoftWare/Cadence/LIBERATE20.10.674/bin:/export/SoftWare/Cadence/GENUS20.12.001/tools.lnx86/dfII/bin:/export/SoftWare/Cadence/GENUS20.12.001/tools.lnx86/bin:/export/SoftWare/Cadence/GENUS20.12.001/bin:/export/SoftWare/Cadence/QUANTUS20.12.000/tools.lnx86/bin:/export/SoftWare/Cadence/QUANTUS20.12.000/bin:/export/SoftWare/Cadence/CONFRML20.20.200/tools.lnx86/bin:/export/SoftWare/Cadence/CONFRML20.20.200/bin:/export/SoftWare/Cadence/XCELIUMMAIN20.09.009/tools.lnx86/dfII/bin:/export/SoftWare/Cadence/XCELIUMMAIN20.09.009/tools.lnx86/bin:/export/SoftWare/Cadence/XCELIUMMAIN20.09.009/bin:/export/SoftWare/Cadence/SPECTRE20.10.534/tools.lnx86/dfII/bin:/export/SoftWare/Cadence/SPECTRE20.10.534/tools.lnx86/bin:/export/SoftWare/Cadence/SPECTRE20.10.534/bin:/export/SoftWare/Cadence/MODUS20.12.000/tools.lnx86/dfII/bin:/export/SoftWare/Cadence/MODUS20.12.000/tools.lnx86/bin:/export/SoftWare/Cadence/MODUS20.12.000/bin:/export/SoftWare/Cadence/PVS20.11.000/tools/dfII/bin:/export/SoftWare/Cadence/PVS20.11.000/tools/bin:/export/SoftWare/Cadence/PVS20.11.000/bin:/export/SoftWare/Cadence/IC06.18.290/tools/plot/bin:/export/SoftWare/Cadence/IC06.18.290/tools/dfII/bin:/export/SoftWare/Cadence/IC06.18.290/tools/bin:/export/SoftWare/Cadence/IC06.18.290/bin:/export/SoftWare/Cadence/INNOVUS20.10.000/tools.lnx86/dfII/bin:/export/SoftWare/Cadence/INNOVUS20.10.000/tools.lnx86/bin:/export/SoftWare/Cadence/INNOVUS20.10.000/bin:/export/SoftWare/Cadence/ASSURA/ASSURA04.16.001/tools/dfII/bin:/export/SoftWare/Cadence/ASSURA/ASSURA04.16.001/tools/bin:/export/SoftWare/Cadence/ASSURA/ASSURA04.16.001/bin:/export/SoftWare/Synopsys/laker/2018.12/bin:/export/SoftWare/Synopsys/asip_designer/O-2018.09-SP3-1/bin:/export/SoftWare/Synopsys/primesim/S-2021.09/bin:/export/SoftWare/Synopsys/finesim/O-2018.09-SP2/bin:/export/SoftWare/Synopsys/xa/O-2018.09-SP5/bin:/export/SoftWare/Synopsys/siliconsmart/O-2018.09/amd64/bin:/export/SoftWare/Synopsys/siliconsmart/O-2018.09/bin:/export/SoftWare/Synopsys/icvalidator/O-2018.12-1/bin:/export/SoftWare/Synopsys/identify/N-2018.03-SP1/bin:/export/SoftWare/Synopsys/fpga/N-2018.03-SP1/bin:/export/SoftWare/Synopsys/lc/O-2018.06-SP1/bin:/export/SoftWare/Synopsys/sentaurus/O-2018.06-SP2/bin:/export/SoftWare/Synopsys/txs/O-2018.06-SP1/bin:/export/SoftWare/Synopsys/wv/O-2018.09-SP2/bin:/export/SoftWare/Synopsys/mw/O-2018.06-SP5-1/bin:/export/SoftWare/Synopsys/primewave/S-2021.09/bin:/export/SoftWare/Synopsys/fusioncompiler/O-2018.06-SP4/bin:/export/SoftWare/Synopsys/nt/O-2018.06-SP5/bin:/export/SoftWare/Synopsys/customcompiler/O-2018.09-SP1/bin:/export/SoftWare/Synopsys/embedit/O-2018.12/bin:/export/SoftWare/Synopsys/coretool/O-2018.09-SP3-1/bin:/export/SoftWare/Synopsys/hsim/O-2018.09-SP3/hsimplus/bin:/export/SoftWare/Synopsys/hspice/O-2018.09-SP2/hspice/bin:/export/SoftWare/Synopsys/spyglass/SPYGLASS2018.09-SP1/bin:/export/SoftWare/Synopsys/verdi/Verdi_O-2018.09-SP2/platform/linux64/bin:/export/SoftWare/Synopsys/verdi/Verdi_O-2018.09-SP2/platform/LINUX64AMD/bin:/export/SoftWare/Synopsys/verdi/Verdi_O-2018.09-SP2/platform/LINUX64/bin:/export/SoftWare/Synopsys/verdi/Verdi_O-2018.09-SP2/bin:/export/SoftWare/Synopsys/starrc/O-2018.06-SP1/amd64_starrc/bin:/export/SoftWare/Synopsys/starrc/O-2018.06-SP1/bin:/export/SoftWare/Synopsys/fm/O-2018.06-SP1/bin:/export/SoftWare/Synopsys/vcs/O-2018.09-SP2/linux64/bin:/export/SoftWare/Synopsys/vcs/O-2018.09-SP2/amd64/bin:/export/SoftWare/Synopsys/vcs/O-2018.09-SP2/gui/dve/bin:/export/SoftWare/Synopsys/vcs/O-2018.09-SP2/bin:/export/SoftWare/Synopsys/icc2/O-2018.06/bin:/export/SoftWare/Synopsys/vc_static/O-2018.09-SP1/bin:/export/SoftWare/Synopsys/icc/O-2018.06-SP1/amd64/bin:/export/SoftWare/Synopsys/icc/O-2018.06-SP1/bin:/export/SoftWare/Synopsys/pwr/O-2018.06-SP3/amd64/bin:/export/SoftWare/Synopsys/pwr/O-2018.06-SP3/bin:/export/SoftWare/Synopsys/pts/O-2018.06-SP1/amd64/bin:/export/SoftWare/Synopsys/pts/O-2018.06-SP1/bin:/export/SoftWare/Synopsys/syn/O-2018.06-SP1/amd64/bin:/export/SoftWare/Synopsys/syn/O-2018.06-SP1/bin:/export/SoftWare/Altera/QuartusPrimeStd_2018/hls/bin:/export/SoftWare/Altera/QuartusPrimeStd_2018/hld/bin:/export/SoftWare/Altera/QuartusPrimeStd_2018/nios2eds/bin:/export/SoftWare/Altera/QuartusPrimeStd_2018/qprogrammer/bin:/export/SoftWare/Altera/QuartusPrimeStd_2018/quartus/bin:/export/SoftWare/Xilinx/Vivado_2019.1/xic/bin:/export/SoftWare/Xilinx/Vivado_2019.1/Model_Composer/2019.1/bin:/export/SoftWare/Xilinx/Vivado_2019.1/SDK/2019.1/bin:/export/SoftWare/Xilinx/Vivado_2019.1/Vivado/2019.1/bin:/export/SoftWare/Keysight/GoldenGate-2020/bin:/export/SoftWare/Keysight/ADS2020_update2/bin:/export/SoftWare/MathWork/MatlabR2020a/bin:/export/SoftWare/Module/installed/bin:/usr/lib64/qt-3.3/bin:/usr/local/bin:/usr/local/sbin:/usr/bin:/usr/sbin:/bin:/sbin:/home/master/xuantie/riscv_toolchain/bin:/home/master/.local/bin:/home/master/bin:/home/master/xuantie/riscv_toolchain/bin:/home/master/xuantie/riscv_toolchain:/home/master/xuantie/riscv_toolchain
GSETTINGS_SCHEMA_DIR=/home/master/anaconda3/share/glib-2.0/schemas
MODEL_COMPOSER_HOME=/export/SoftWare/Xilinx/Vivado_2019.1/Model_Composer/2019.1
QT_IM_MODULE=ibus
SNPS_VCS_INTERNAL_CURR_PID=72996
CONDA_PREFIX=/home/master/anaconda3
PRIMESIM_HOME=/export/SoftWare/Synopsys/primesim/S-2021.09
VERDI_HOME=/export/SoftWare/Synopsys/verdi/T-2022.06
CDS_SPECTRERF_FBENABLE=1
XDG_SESSION_TYPE=x11
PWD=/home/master/xuantie/wujian100_open/workdir
MVS_HOME=/export/SoftWare/Cadence/MVS20.22.000
PRIMEPOWER_HOME=/export/SoftWare/Synopsys/pwr/O-2018.06-SP3
XMODIFIERS=@im=ibus
MW_HOME=/export/SoftWare/Synopsys/mw/O-2018.06-SP5-1
_LMFILES_=/export/SoftWare/Module/modulefiles/matlab/2020a/modulefile:/export/SoftWare/Module/modulefiles/ads/2020/modulefile:/export/SoftWare/Module/modulefiles/goldengate/2020/modulefile:/export/SoftWare/Module/modulefiles/vivado/2019.1/modulefile:/export/SoftWare/Module/modulefiles/quartus/2018_std/modulefile:/export/SoftWare/Module/modulefiles/syn/2018.06-SP1/modulefile:/export/SoftWare/Module/modulefiles/pts/2018.06-SP1/modulefile:/export/SoftWare/Module/modulefiles/pwr/2018.06-SP3/modulefile:/export/SoftWare/Module/modulefiles/icc/2018.06-SP1/modulefile:/export/SoftWare/Module/modulefiles/vc_static/2018.09-SP1/modulefile:/export/SoftWare/Module/modulefiles/icc2/2018.06/modulefile:/export/SoftWare/Module/modulefiles/vcs/2018.09-SP2/modulefile:/export/SoftWare/Module/modulefiles/fm/2018.06-SP1/modulefile:/export/SoftWare/Module/modulefiles/starrc/2018.06-SP1/modulefile:/export/SoftWare/Module/modulefiles/verdi/2018.09-SP2/modulefile:/export/SoftWare/Module/modulefiles/spyglass/2018.09-SP1/modulefile:/export/SoftWare/Module/modulefiles/hspice/2018.09-SP2/modulefile:/export/SoftWare/Module/modulefiles/hsim/2018.09-SP3/modulefile:/export/SoftWare/Module/modulefiles/coretool/2018.09-SP3-1/modulefile:/export/SoftWare/Module/modulefiles/embedit/2018.12/modulefile:/export/SoftWare/Module/modulefiles/customcompiler/2018.09-SP1/modulefile:/export/SoftWare/Module/modulefiles/nt/2018.06-SP5/modulefile:/export/SoftWare/Module/modulefiles/fusioncompiler/2018.06-SP4/modulefile:/export/SoftWare/Module/modulefiles/primewave/2021.09/modulefile:/export/SoftWare/Module/modulefiles/mw/2018.06-SP5-1/modulefile:/export/SoftWare/Module/modulefiles/wv/2018.09-SP2/modulefile:/export/SoftWare/Module/modulefiles/txs/2018.06-SP1/modulefile:/export/SoftWare/Module/modulefiles/sentaurus/2018.06-SP2/modulefile:/export/SoftWare/Module/modulefiles/lc/2018.06-SP1/modulefile:/export/SoftWare/Module/modulefiles/fpga/2018.03-SP1/modulefile:/export/SoftWare/Module/modulefiles/identify/2018.03-SP1/modulefile:/export/SoftWare/Module/modulefiles/icvalidator/2018.12-1/modulefile:/export/SoftWare/Module/modulefiles/siliconsmart/2018.09/modulefile:/export/SoftWare/Module/modulefiles/xa/2018.09-SP5/modulefile:/export/SoftWare/Module/modulefiles/finesim/2018.09-SP2/modulefile:/export/SoftWare/Module/modulefiles/primesim/2021.09/modulefile:/export/SoftWare/Module/modulefiles/asip_designer/2018.09-SP3-1/modulefile:/export/SoftWare/Module/modulefiles/laker/2018.12/modulefile:/export/SoftWare/Module/modulefiles/assura/4.16.001/modulefile:/export/SoftWare/Module/modulefiles/innovus/20.10.000/modulefile:/export/SoftWare/Module/modulefiles/ic/618.290/modulefile:/export/SoftWare/Module/modulefiles/pvs/20.11.000/modulefile:/export/SoftWare/Module/modulefiles/modus/20.12.000/modulefile:/export/SoftWare/Module/modulefiles/spectre/20.10.534/modulefile:/export/SoftWare/Module/modulefiles/xceliummain/20.09.009/modulefile:/export/SoftWare/Module/modulefiles/confrml/20.20.200/modulefile:/export/SoftWare/Module/modulefiles/quantus/20.12.000/modulefile:/export/SoftWare/Module/modulefiles/genus/20.12.001/modulefile:/export/SoftWare/Module/modulefiles/liberate/20.10.674/modulefile:/export/SoftWare/Module/modulefiles/ssv/20.20.000/modulefile:/export/SoftWare/Module/modulefiles/jls/20.12.000/modulefile:/export/SoftWare/Module/modulefiles/jaspergold/20.12.002/modulefile:/export/SoftWare/Module/modulefiles/stratus/20.26.100/modulefile:/export/SoftWare/Module/modulefiles/indago/20.09.002/modulefile:/export/SoftWare/Module/modulefiles/vmanager/20.09.002/modulefile:/export/SoftWare/Module/modulefiles/pegasus/20.40.000/modulefile:/export/SoftWare/Module/modulefiles/mvs/20.22.000/modulefile:/export/SoftWare/Module/modulefiles/litmus/20.20.101/modulefile:/export/SoftWare/Module/modulefiles/spb/17.40.033/modulefile:/export/SoftWare/Module/modulefiles/integrand/60.00.000/modulefile:/export/SoftWare/Module/modulefiles/pas/3.05.001/modulefile:/export/SoftWare/Module/modulefiles/midas/21.12.001/modulefile:/export/SoftWare/Module/modulefiles/cerebrus/21.13.000/modulefile:/export/SoftWare/Module/modulefiles/sig/21.10.500/modulefile:/export/SoftWare/Module/modulefiles/calibre/2021.2_28.15/modulefile:/export/SoftWare/Module/modulefiles/tessent/2021_2/modulefile:/export/SoftWare/Module/modulefiles/tannertools/2019.2/modulefile:/export/SoftWare/Module/modulefiles/amsv/2021_1/modulefile:/export/SoftWare/Module/modulefiles/mentor_sim/QuestaSim_2021.2_1/modulefile:/export/SoftWare/Module/modulefiles/ansysEM/18.1/modulefile:/export/SoftWare/Module/modulefiles/redhawk/2019/modulefile:/export/SoftWare/Module/modulefiles/totem/2019/modulefile:/export/SoftWare/Module/modulefiles/silvaco/2018/modulefile:/export/SoftWare/Module/modulefiles/pycharm/2023.1/modulefile:/export/SoftWare/Module/modulefiles/clion/2023.1/modulefile:/export/SoftWare/Module/modulefiles/datagrip/2023.1/modulefile:/export/SoftWare/Module/modulefiles/goland/2023.1/modulefile:/export/SoftWare/Module/modulefiles/ideaIU/2023.1/modulefile:/export/SoftWare/Module/modulefiles/phpstorm/2023.1/modulefile:/export/SoftWare/Module/modulefiles/rider/2023.1/modulefile:/export/SoftWare/Module/modulefiles/rubymine/2023.1/modulefile:/export/SoftWare/Module/modulefiles/webstorm/2023.1/modulefile:/export/SoftWare/Module/modulefiles/vcs/2022.06/modulefile:/export/SoftWare/Module/modulefiles/verdi/2022.06/modulefile
VCS_HOME=/export/SoftWare/Synopsys/vcs/T-2022.06
SNPS_VCS_INTERNAL_MEMPRELOAD_USE_LIBC=1
SNPS_INTERNAL_VCS_LINUX_OS=linux
SOFT_INST_DIR=/export
MDV_XLM_HOME=/export/SoftWare/Cadence/VMANAGERMAIN20.09.002
TXS_HOME=/export/SoftWare/Synopsys/txs/O-2018.06-SP1
LANG=C
ossSimUserHnlDir=/export/SoftWare/Keysight/ADS2020_update2/idf/ads_site/hnl
JASPERGOLD_HOME=/export/SoftWare/Cadence/JASPERGOLD20.12.002
GDM_LANG=en_US.UTF-8
MODULEPATH=/export/SoftWare/Module/modulefiles
QUARTUS_HOME=/export/SoftWare/Altera/QuartusPrimeStd_2018/quartus
TANNER_HOME=/export/SoftWare/Mentor/TannerTools_2019.2/tanner
OA_HOME=/export/SoftWare/Cadence/IC06.18.290/oa_v22.60.082
SDK_HOME=/export/SoftWare/Xilinx/Vivado_2019.1/SDK/2019.1
LOADEDMODULES=matlab/2020a/modulefile:ads/2020/modulefile:goldengate/2020/modulefile:vivado/2019.1/modulefile:quartus/2018_std/modulefile:syn/2018.06-SP1/modulefile:pts/2018.06-SP1/modulefile:pwr/2018.06-SP3/modulefile:icc/2018.06-SP1/modulefile:vc_static/2018.09-SP1/modulefile:icc2/2018.06/modulefile:vcs/2018.09-SP2/modulefile:fm/2018.06-SP1/modulefile:starrc/2018.06-SP1/modulefile:verdi/2018.09-SP2/modulefile:spyglass/2018.09-SP1/modulefile:hspice/2018.09-SP2/modulefile:hsim/2018.09-SP3/modulefile:coretool/2018.09-SP3-1/modulefile:embedit/2018.12/modulefile:customcompiler/2018.09-SP1/modulefile:nt/2018.06-SP5/modulefile:fusioncompiler/2018.06-SP4/modulefile:primewave/2021.09/modulefile:mw/2018.06-SP5-1/modulefile:wv/2018.09-SP2/modulefile:txs/2018.06-SP1/modulefile:sentaurus/2018.06-SP2/modulefile:lc/2018.06-SP1/modulefile:fpga/2018.03-SP1/modulefile:identify/2018.03-SP1/modulefile:icvalidator/2018.12-1/modulefile:siliconsmart/2018.09/modulefile:xa/2018.09-SP5/modulefile:finesim/2018.09-SP2/modulefile:primesim/2021.09/modulefile:asip_designer/2018.09-SP3-1/modulefile:laker/2018.12/modulefile:assura/4.16.001/modulefile:innovus/20.10.000/modulefile:ic/618.290/modulefile:pvs/20.11.000/modulefile:modus/20.12.000/modulefile:spectre/20.10.534/modulefile:xceliummain/20.09.009/modulefile:confrml/20.20.200/modulefile:quantus/20.12.000/modulefile:genus/20.12.001/modulefile:liberate/20.10.674/modulefile:ssv/20.20.000/modulefile:jls/20.12.000/modulefile:jaspergold/20.12.002/modulefile:stratus/20.26.100/modulefile:indago/20.09.002/modulefile:vmanager/20.09.002/modulefile:pegasus/20.40.000/modulefile:mvs/20.22.000/modulefile:litmus/20.20.101/modulefile:spb/17.40.033/modulefile:integrand/60.00.000/modulefile:pas/3.05.001/modulefile:midas/21.12.001/modulefile:cerebrus/21.13.000/modulefile:sig/21.10.500/modulefile:calibre/2021.2_28.15/modulefile:tessent/2021_2/modulefile:tannertools/2019.2/modulefile:amsv/2021_1/modulefile:mentor_sim/QuestaSim_2021.2_1/modulefile:ansysEM/18.1/modulefile:redhawk/2019/modulefile:totem/2019/modulefile:silvaco/2018/modulefile:pycharm/2023.1/modulefile:clion/2023.1/modulefile:datagrip/2023.1/modulefile:goland/2023.1/modulefile:ideaIU/2023.1/modulefile:phpstorm/2023.1/modulefile:rider/2023.1/modulefile:rubymine/2023.1/modulefile:webstorm/2023.1/modulefile:vcs/2022.06/modulefile:verdi/2022.06/modulefile
TURBO_LOG_DIR=/tmp/vcs_20241117140003_72996
ICC_HOME=/export/SoftWare/Synopsys/icc/O-2018.06-SP1
PHPSTORM_HOME=/export/SoftWare/JetBrains/PhpStorm-231.8109.199
VMR_MODE_FLAG=64
CDSHOME=/export/SoftWare/Cadence/IC06.18.290
CLION_HOME=/export/SoftWare/JetBrains/clion-2023.1
LITMUS_HOME=/export/SoftWare/Cadence/LITMUS20.20.101
CDS_Netlisting_Mode=Analog
GDMSESSION=gnome-classic
EMBEDIT_HOME=/export/SoftWare/Synopsys/embedit/O-2018.12
LM_LICENSE_FILE=27000@icpc
RIDER_HOME=/export/SoftWare/JetBrains/Rider-2023.1
HLD_HOME=/export/SoftWare/Altera/QuartusPrimeStd_2018/hld
_CE_M=
HISTCONTROL=ignoredups
FLEXNOC_HOME=/export/SoftWare/FlexNoc/FlexNoC-4.7.1/FlexNoC-4.7.1_install
VCS_ARG_ADDED_FOR_TMP=1
SNPS_VCS_TMPDIR=/tmp/vcs_20241117140003_72996
PYCHARM_HOME=/export/SoftWare/JetBrains/pycharm-2023.1
STRATUS_HOME=/export/SoftWare/Cadence/STRATUS20.26.100
HSIM_HOME=/export/SoftWare/Synopsys/hsim/O-2018.09-SP3/hsimplus
HOME=/home/master
GOLAND_HOME=/export/SoftWare/JetBrains/GoLand-2023.1
XDG_SEAT=seat0
SHLVL=4
MGC_HOME=/export/SoftWare/Mentor/Calibre_2021.2_28.15/aoi_cal_2021.2_28.15
ICC2_HOME=/export/SoftWare/Synopsys/icc2/O-2018.06
ICV_HOME_DIR=/export/SoftWare/Synopsys/icvalidator/O-2018.12-1
GNOME_DESKTOP_SESSION_ID=this-is-deprecated
CDS_AUTO_64BIT=ALL
RUBYMINE_HOME=/export/SoftWare/JetBrains/RubyMine-2023.1
ANSYS_EM_HOME=/export/SoftWare/Ansys/AnsysEM18.1
VCS_COM=/export/SoftWare/Synopsys/vcs/T-2022.06/linux64/bin/vcs1
HPEESOF_DIR=/export/SoftWare/Keysight/ADS2020_update2
GTK_PATH=/usr/lib64/gtk-2.0
CONDA_PYTHON_EXE=/home/master/anaconda3/bin/python
LOGNAME=master
__MODULES_LMALTNAME=matlab/2020a/modulefile&matlab/default&matlab&as|matlab/2020a/default&as|matlab/2020a/latest:ads/2020/modulefile&ads/default&ads&as|ads/2020/default&as|ads/2020/latest:goldengate/2020/modulefile&goldengate/default&goldengate&as|goldengate/2020/default&as|goldengate/2020/latest:vivado/2019.1/modulefile&vivado/default&vivado&as|vivado/2019.1/default&as|vivado/2019.1/latest:quartus/2018_std/modulefile&quartus/default&quartus&as|quartus/2018_std/default&as|quartus/2018_std/latest:syn/2018.06-SP1/modulefile&syn/default&syn&as|syn/2018.06-SP1/default&as|syn/2018.06-SP1/latest:pts/2018.06-SP1/modulefile&pts/default&pts&as|pts/2018.06-SP1/default&as|pts/2018.06-SP1/latest:pwr/2018.06-SP3/modulefile&pwr/default&pwr&as|pwr/latest&as|pwr/2018.06-SP3/default&as|pwr/2018.06-SP3/latest:icc/2018.06-SP1/modulefile&icc/default&icc&as|icc/latest&as|icc/2018.06-SP1/default&as|icc/2018.06-SP1/latest:vc_static/2018.09-SP1/modulefile&vc_static/default&vc_static&as|vc_static/2018.09-SP1/default&as|vc_static/2018.09-SP1/latest:icc2/2018.06/modulefile&icc2/default&icc2&as|icc2/2018.06/default&as|icc2/2018.06/latest:vcs/2018.09-SP2/modulefile&vcs/default&vcs&as|vcs/2018.09-SP2/default&as|vcs/2018.09-SP2/latest:fm/2018.06-SP1/modulefile&fm/default&fm&as|fm/2018.06-SP1/default&as|fm/2018.06-SP1/latest:starrc/2018.06-SP1/modulefile&starrc/default&starrc&as|starrc/2018.06-SP1/default&as|starrc/2018.06-SP1/latest:verdi/2018.09-SP2/modulefile&verdi/default&verdi&as|verdi/2018.09-SP2/default&as|verdi/2018.09-SP2/latest:spyglass/2018.09-SP1/modulefile&spyglass/default&spyglass&as|spyglass/2018.09-SP1/default&as|spyglass/2018.09-SP1/latest:hspice/2018.09-SP2/modulefile&hspice/default&hspice&as|hspice/2018.09-SP2/default&as|hspice/2018.09-SP2/latest:hsim/2018.09-SP3/modulefile&hsim/default&hsim&as|hsim/2018.09-SP3/default&as|hsim/2018.09-SP3/latest:coretool/2018.09-SP3-1/modulefile&coretool/default&coretool&as|coretool/2018.09-SP3-1/default&as|coretool/2018.09-SP3-1/latest:embedit/2018.12/modulefile&embedit/default&embedit&as|embedit/2018.12/default&as|embedit/2018.12/latest:customcompiler/2018.09-SP1/modulefile&customcompiler/default&customcompiler&as|customcompiler/2018.09-SP1/default&as|customcompiler/2018.09-SP1/latest:nt/2018.06-SP5/modulefile&nt/default&nt&as|nt/2018.06-SP5/default&as|nt/2018.06-SP5/latest:fusioncompiler/2018.06-SP4/modulefile&fusioncompiler/default&fusioncompiler&as|fusioncompiler/2018.06-SP4/default&as|fusioncompiler/2018.06-SP4/latest:primewave/2021.09/modulefile&primewave/default&primewave&as|primewave/latest&as|primewave/2021.09/default&as|primewave/2021.09/latest:mw/2018.06-SP5-1/modulefile&mw/default&mw&as|mw/2018.06-SP5-1/default&as|mw/2018.06-SP5-1/latest:wv/2018.09-SP2/modulefile&wv/default&wv&as|wv/2018.09-SP2/default&as|wv/2018.09-SP2/latest:txs/2018.06-SP1/modulefile&txs/default&txs&as|txs/2018.06-SP1/default&as|txs/2018.06-SP1/latest:sentaurus/2018.06-SP2/modulefile&sentaurus/default&sentaurus&as|sentaurus/2018.06-SP2/default&as|sentaurus/2018.06-SP2/latest:lc/2018.06-SP1/modulefile&lc/default&lc&as|lc/2018.06-SP1/default&as|lc/2018.06-SP1/latest:fpga/2018.03-SP1/modulefile&fpga/default&fpga&as|fpga/2018.03-SP1/default&as|fpga/2018.03-SP1/latest:identify/2018.03-SP1/modulefile&identify/default&identify&as|identify/2018.03-SP1/default&as|identify/2018.03-SP1/latest:icvalidator/2018.12-1/modulefile&icvalidator/default&icvalidator&as|icvalidator/2018.12-1/default&as|icvalidator/2018.12-1/latest:siliconsmart/2018.09/modulefile&siliconsmart/default&siliconsmart&as|siliconsmart/2018.09/default&as|siliconsmart/2018.09/latest:xa/2018.09-SP5/modulefile&xa/default&xa&as|xa/2018.09-SP5/default&as|xa/2018.09-SP5/latest:finesim/2018.09-SP2/modulefile&finesim/default&finesim&as|finesim/2018.09-SP2/default&as|finesim/2018.09-SP2/latest:primesim/2021.09/modulefile&primesim/default&primesim&as|primesim/latest&as|primesim/2021.09/default&as|primesim/2021.09/latest:asip_designer/2018.09-SP3-1/modulefile&asip_designer/default&asip_designer&as|asip_designer/2018.09-SP3-1/default&as|asip_designer/2018.09-SP3-1/latest:laker/2018.12/modulefile&laker/default&laker&as|laker/latest&as|laker/2018.12/default&as|laker/2018.12/latest:assura/4.16.001/modulefile&assura/default&assura&as|assura/4.16.001/default&as|assura/4.16.001/latest:innovus/20.10.000/modulefile&innovus/default&innovus&as|innovus/20.10.000/default&as|innovus/20.10.000/latest:ic/618.290/modulefile&as|ic/618.290/default&as|ic/618.290/latest:pvs/20.11.000/modulefile&pvs/default&pvs&as|pvs/20.11.000/default&as|pvs/20.11.000/latest:modus/20.12.000/modulefile&modus/default&modus&as|modus/20.12.000/default&as|modus/20.12.000/latest:spectre/20.10.534/modulefile&spectre/default&spectre&as|spectre/20.10.534/default&as|spectre/20.10.534/latest:xceliummain/20.09.009/modulefile&xceliummain/default&xceliummain&as|xceliummain/20.09.009/default&as|xceliummain/20.09.009/latest:confrml/20.20.200/modulefile&confrml/default&confrml&as|confrml/20.20.200/default&as|confrml/20.20.200/latest:quantus/20.12.000/modulefile&quantus/default&quantus&as|quantus/20.12.000/default&as|quantus/20.12.000/latest:genus/20.12.001/modulefile&genus/default&genus&as|genus/20.12.001/default&as|genus/20.12.001/latest:liberate/20.10.674/modulefile&liberate/default&liberate&as|liberate/20.10.674/default&as|liberate/20.10.674/latest:ssv/20.20.000/modulefile&ssv/default&ssv&as|ssv/20.20.000/default&as|ssv/20.20.000/latest:jls/20.12.000/modulefile&jls/default&jls&as|jls/20.12.000/default&as|jls/20.12.000/latest:jaspergold/20.12.002/modulefile&jaspergold/default&jaspergold&as|jaspergold/20.12.002/default&as|jaspergold/20.12.002/latest:stratus/20.26.100/modulefile&stratus/default&stratus&as|stratus/20.26.100/default&as|stratus/20.26.100/latest:indago/20.09.002/modulefile&indago/default&indago&as|indago/20.09.002/default&as|indago/20.09.002/latest:vmanager/20.09.002/modulefile&vmanager/default&vmanager&as|vmanager/20.09.002/default&as|vmanager/20.09.002/latest:pegasus/20.40.000/modulefile&pegasus/default&pegasus&as|pegasus/20.40.000/default&as|pegasus/20.40.000/latest:mvs/20.22.000/modulefile&mvs/default&mvs&as|mvs/20.22.000/default&as|mvs/20.22.000/latest:litmus/20.20.101/modulefile&litmus/default&litmus&as|litmus/20.20.101/default&as|litmus/20.20.101/latest:spb/17.40.033/modulefile&spb/default&spb&as|spb/17.40.033/default&as|spb/17.40.033/latest:integrand/60.00.000/modulefile&integrand/default&integrand&as|integrand/60.00.000/default&as|integrand/60.00.000/latest:pas/3.05.001/modulefile&pas/default&pas&as|pas/3.05.001/default&as|pas/3.05.001/latest:midas/21.12.001/modulefile&midas/default&midas&as|midas/21.12.001/default&as|midas/21.12.001/latest:cerebrus/21.13.000/modulefile&cerebrus/default&cerebrus&as|cerebrus/21.13.000/default&as|cerebrus/21.13.000/latest:sig/21.10.500/modulefile&sig/default&sig&as|sig/21.10.500/default&as|sig/21.10.500/latest:calibre/2021.2_28.15/modulefile&calibre/default&calibre&as|calibre/2021.2_28.15/default&as|calibre/2021.2_28.15/latest:tessent/2021_2/modulefile&tessent/default&tessent&as|tessent/2021_2/default&as|tessent/2021_2/latest:tannertools/2019.2/modulefile&tannertools/default&tannertools&as|tannertools/latest&as|tannertools/2019.2/default&as|tannertools/2019.2/latest:amsv/2021_1/modulefile&amsv/default&amsv&as|amsv/latest&as|amsv/2021_1/default&as|amsv/2021_1/latest:mentor_sim/QuestaSim_2021.2_1/modulefile&mentor_sim/default&mentor_sim&as|mentor_sim/latest&as|mentor_sim/QuestaSim_2021.2_1/default&as|mentor_sim/QuestaSim_2021.2_1/latest:ansysEM/18.1/modulefile&ansysEM/default&ansysEM&as|ansysEM/18.1/default&as|ansysEM/18.1/latest:redhawk/2019/modulefile&redhawk/default&redhawk&as|redhawk/2019/default&as|redhawk/2019/latest:totem/2019/modulefile&totem/default&totem&as|totem/latest&as|totem/2019/default&as|totem/2019/latest:silvaco/2018/modulefile&silvaco/default&silvaco&as|silvaco/2018/default&as|silvaco/2018/latest:pycharm/2023.1/modulefile&pycharm/default&pycharm&as|pycharm/latest&as|pycharm/2023.1/default&as|pycharm/2023.1/latest:clion/2023.1/modulefile&clion/default&clion&as|clion/latest&as|clion/2023.1/default&as|clion/2023.1/latest:datagrip/2023.1/modulefile&datagrip/default&datagrip&as|datagrip/latest&as|datagrip/2023.1/default&as|datagrip/2023.1/latest:goland/2023.1/modulefile&goland/default&goland&as|goland/latest&as|goland/2023.1/default&as|goland/2023.1/latest:ideaIU/2023.1/modulefile&ideaIU/default&ideaIU&as|ideaIU/latest&as|ideaIU/2023.1/default&as|ideaIU/2023.1/latest:phpstorm/2023.1/modulefile&phpstorm/default&phpstorm&as|phpstorm/latest&as|phpstorm/2023.1/default&as|phpstorm/2023.1/latest:rider/2023.1/modulefile&rider/default&rider&as|rider/latest&as|rider/2023.1/default&as|rider/2023.1/latest:rubymine/2023.1/modulefile&rubymine/default&rubymine&as|rubymine/latest&as|rubymine/2023.1/default&as|rubymine/2023.1/latest:webstorm/2023.1/modulefile&webstorm/default&webstorm&as|webstorm/latest&as|webstorm/2023.1/default&as|webstorm/2023.1/latest:vcs/2022.06/modulefile&as|vcs/latest&as|vcs/2022.06/default&as|vcs/2022.06/latest:verdi/2022.06/modulefile&as|verdi/latest&as|verdi/2022.06/default&as|verdi/2022.06/latest
XDG_SESSION_DESKTOP=gnome-classic
MGC_LIB_PATH=/export/SoftWare/Mentor/Calibre_2021.2_28.15/aoi_cal_2021.2_28.15/lib
MGLS_LICENSE_FILE=/export/SoftWare/Mentor/license/license.dat
INTEGRAND_HOME=/export/SoftWare/Cadence/INTEGRAND60.00.000
SPYGLASS_HOME=/export/SoftWare/Synopsys/spyglass/SPYGLASS2018.09-SP1
OA_PLUGIN_PATH=/export/SoftWare/Cadence/IC06.18.290/oa_v22.60.082/data/plugins
QTLIB=/usr/lib64/qt-3.3/lib
EMX_modelgen_path=/export/SoftWare/Cadence/INTEGRAND60.00.000/bin
SNPS_VCS_INTERNAL_ROOT_START_TIME=1731852004.094014122
DBUS_SESSION_BUS_ADDRESS=unix:abstract=/tmp/dbus-uuWWvmgucf,guid=74583d1d4808afef89f425106739dbb4
XDG_DATA_DIRS=/home/master/.local/share/flatpak/exports/share/:/var/lib/flatpak/exports/share/:/usr/local/share/:/usr/share/
MODULESHOME=/export/SoftWare/Module/installed
CDS_LIC_FILE=/export/SoftWare/Cadence/license/license.dat
DATAGRIP_HOME=/export/SoftWare/JetBrains/DataGrip-2023.1
CONDA_DEFAULT_ENV=base
FUSIONCOMPILER_HOME=/export/SoftWare/Synopsys/fusioncompiler/O-2018.06-SP4
Totem_HOME=/export/SoftWare/Ansys/Totem2019/Totem_Linux64e6_V19.2.7
LESSOPEN=||/usr/bin/lesspipe.sh %s
HSPICE_HOME=/export/SoftWare/Synopsys/hspice/O-2018.09-SP2/hspice
OA_UNSUPPORTED_PLAT=linux_rhel50_gcc44x
FPGA_HOME=/export/SoftWare/Synopsys/fpga/N-2018.03-SP1
sysc_uni_pwd=/home/master/xuantie/wujian100_open/workdir
CDS_ENABLE_VMS=1
ALTERA_HOME=/export/SoftWare/Altera/QuartusPrimeStd_2018
SPB_HOME=/export/SoftWare/Cadence/SPB17.40.033
WINDOWPATH=1
DISPLAY=:0
MGC_CALIBRE_REALTIME_VIRTUOSO_ENABLED=1
XDG_RUNTIME_DIR=/run/user/1000
CDS_LIC_ONLY=1
VCS_ARCH=linux64
SIG_HOME=/export/SoftWare/Cadence/SIG21.10.500
TOOL_HOME=/export/SoftWare/Synopsys/vcs/T-2022.06/linux64
XDG_CURRENT_DESKTOP=GNOME-Classic:GNOME
XILINX_HOME=/export/SoftWare/Xilinx/Vivado_2019.1/xic
CDS_SPECTRE_FBENABLE=1
PEGASUS_HOME=/export/SoftWare/Cadence/PEGASUS20.40.000
ASSURAHOME=/export/SoftWare/Cadence/ASSURA/ASSURA04.16.001
XAUTHORITY=/run/gdm/auth-for-master-zOLaWj/database
GOLDENGATE_LICENSE_FILE=/export/SoftWare/Keysight/license/license.lic
CEREBRUS_HOME=/export/SoftWare/Cadence/CEREBRUS21.13.000
CALIBRE_ENABLE_SKILL_PEXBA_MODE=1
ADS_LICENSE_FILE=/export/SoftWare/Keysight/license/license.lic
COLORTERM=truecolor
WV_HOME=/export/SoftWare/Synopsys/wv/O-2018.09-SP2
BASH_FUNC_module()=() {  local _mlredir=1;
 if [ -n "${MODULES_REDIRECT_OUTPUT+x}" ]; then
 if [ "$MODULES_REDIRECT_OUTPUT" = '0' ]; then
 _mlredir=0;
 else
 if [ "$MODULES_REDIRECT_OUTPUT" = '1' ]; then
 _mlredir=1;
 fi;
 fi;
 fi;
 case " $@ " in 
 *' --no-redirect '*)
 _mlredir=0
 ;;
 *' --redirect '*)
 _mlredir=1
 ;;
 esac;
 if [ $_mlredir -eq 0 ]; then
 _module_raw "$@";
 else
 _module_raw "$@" 2>&1;
 fi
}
BASH_FUNC__module_raw()=() {  eval "$(/usr/bin/tclsh /export/SoftWare/Module/installed/libexec/modulecmd.tcl bash "$@")";
 _mlstatus=$?;
 return $_mlstatus
}
BASH_FUNC_ml()=() {  module ml "$@"
}
_=./simv
OLDPWD=/home/master/xuantie/wujian100_open/workdir/simv.daidir/debug_dump/fsearch
VCS_PATHMAP_PRELOAD_DONE=1
VCS_EXEC_DONE=1
DVE=/export/SoftWare/Synopsys/vcs/T-2022.06/gui/dve
SPECMAN_OUTPUT_TO_TTY=1
FLEXLM_BORROWFILE=/home/master/.icpc-borrow.txt
Runtime command line arguments:
argv[0]=simv
argv[1]=+v2k
argv[2]=+nospecify
argv[3]=+notimingchecks
argv[4]=+libext+.v+.sv+.inc+.h
435 profile - 100
          CPU/Mem usage: 0.020 sys,  0.160 user,  269.04M mem
436 Elapsed time:    0:00:00    Sun Nov 17 22:00:18 2024
437 User CPU time used: 0 seconds
438 System CPU time used: 0 seconds
439 pliAppInit
440 *Verdi* : FSDB parallel Dumping is disabled because only one CPU is available.
441 [SC]Init: MemoryConsumed=0.00MB ElapsedTime=0hour 0min. 0sec.
442 FSDB_GATE is set.
443 FSDB_RTL is set.
444 FSDB_ALIAS_ARRAY_ELEM is set to 4294967295.
445 pliAppMiscSet: New Sim Round
446 pliEntryInit
447 LIBSSCORE=found /export/SoftWare/Synopsys/verdi/T-2022.06/share/PLI/lib/LINUXAMD64/libsscore_vcs202206.so through $NOVAS_HOME setting.
448 FSDB Dumper for VCS, Release Verdi_T-2022.06, Linux x86_64/64bit, 05/29/2022
449 (C) 1996 - 2022 by Synopsys, Inc.
450 sps_call_fsdbDumpfile_main at 0 : /home/master/xuantie/wujian100_open//tb/tb.v(325)
451 argv[0]: (vg_dump.fsdb)
452 *Verdi* : Create FSDB file 'vg_dump.fsdb'
453 [spi_vcs_vd_ppi_create_root]: no upf option
454 compile option from '/home/master/xuantie/wujian100_open/workdir/simv.daidir/vcs_rebuild'.
455   "vcs '+v2k' '-Mupdate' '-sverilog' '-kdb' '+nospecify' '+notimingchecks' '-timescale=1ns/100ps' '/home/master/xuantie/wujian100_open//tb/tb.v' '/home/master/xuantie/wujian100_open//workdir/' '+incdir+../workdir+../soc/params+../tb' '+libext+.v+.sv+.inc+.h' '-R' '-v' '../tb/tb.v' '-v' '../tb/busmnt.v' '-v' '../tb/virtual_counter.v' '-y' '../tb/' '-v' '../soc/sim_lib/PAD_DIG_IO.v' '../soc/sim_lib/PAD_OSC_IO.v' '../soc/sim_lib/STD_CELL.v' '../soc/sim_lib/fpga_byte_spram.v' '../soc/sim_lib/fpga_spram.v' '-v' '../soc/E902_20191018.v' '../soc/ahb_matrix_top.v' '../soc/aou_top.v' '../soc/apb0.v' '../soc/apb0_sub_top.v' '../soc/apb1.v' '../soc/apb1_sub_top.v' '../soc/clkgen.v' '../soc/common.v' '../soc/core_top.v' '../soc/dmac.v' '../soc/dummy.v' '../soc/gpio0.v' '../soc/ls_sub_top.v' '../soc/matrix.v' '../soc/pdu_top.v' '../soc/pwm.v' '../soc/retu_top.v' '../soc/rtc.v' '../soc/sms.v' '../soc/smu_top.v' '../soc/tim.v' '../soc/tim1.v' '../soc/tim2.v' '../soc/tim3.v' '../soc/tim4.v' '../soc/tim5.v' '../soc/tim6.v' '../soc/tim7.v' '../soc/usi0.v' '../soc/usi1.v' '../soc/wdt.v' '../soc/wujian100_open_top.v' '-full64' '-debug_access+all' 2>&1"
456 DVDI_is_vir_unload_enabled is enable
457 FSDB_VCS_ENABLE_NATIVE_VC is enable
458 sps_call_fsdbDumpvars_vd_main at 0 : /home/master/xuantie/wujian100_open//tb/tb.v(326)
459 argv[0]: (0)
460 argv[1]: (handle) wujian100_open_tb.x_wujian100_open_top
461 *Verdi* : Begin traversing the scope (wujian100_open_tb.x_wujian100_open_top), layer (0).
462 *Verdi* : End of traversing.
463 pliAppHDL_DumpVarComplete traverse var: profile - 
          CPU/Mem usage: 0.040 sys,  0.340 user,  337.81M mem
                   incr: 0.010 sys,  0.170 user,  26.76M mem
                   accu: 0.010 sys,  0.170 user,  26.76M mem
              accu incr: 0.010 sys,  0.170 user,  26.76M mem

          Count usage: 29385 var,  18092 idcode,  6156 callback
                 incr: 29385 var,  18092 idcode,  6156 callback
                 accu: 29385 var,  18092 idcode,  6156 callback
            accu incr: 29385 var,  18092 idcode,  6156 callback
464 Elapsed time:    0:00:01    Sun Nov 17 22:00:19 2024
465 User CPU time used: 0 seconds
466 System CPU time used: 0 seconds
467 pliAppHDL_DumpVarComplete: profile - 
          CPU/Mem usage: 0.040 sys,  0.340 user,  338.87M mem
                   incr: 0.000 sys,  0.000 user,  1.05M mem
                   accu: 0.010 sys,  0.170 user,  27.81M mem
              accu incr: 0.000 sys,  0.000 user,  1.05M mem

          Count usage: 29385 var,  18092 idcode,  6156 callback
                 incr: 0 var,  0 idcode,  0 callback
                 accu: 29385 var,  18092 idcode,  6156 callback
            accu incr: 0 var,  0 idcode,  0 callback
468 Elapsed time:    0:00:01    Sun Nov 17 22:00:19 2024
469 User CPU time used: 0 seconds
470 System CPU time used: 0 seconds
471 sps_call_fsdbDumpon_vd_main at 0 : /home/master/xuantie/wujian100_open//tb/tb.v(327)
472 *Verdi* : fsdbDumpon - All FSDB files at 000 ps.
473 End of simulation at 1030250
474 Memory usage: 339.923 M
475 Maximum resident set size: 123 MB
476 Hard page faults: 0
477 Soft page faults: 30385
478 Elapsed time:    0:00:01    Sun Nov 17 22:00:19 2024
479 User CPU time used: 0 seconds
480 System CPU time used: 0 seconds
481 Begin FSDB profile info:
482 FSDB Writer : bc1(40740) bcn(58452) mtf/stf(0/0)
FSDB Writer elapsed time : flush(0.094236) io wait(0.000000) theadpool wait(0.000000)
FSDB Writer cpu time : MT Compression : 0
483 End FSDB profile info
484 FSDB closed. Name: vg_dump.fsdb Size: 433576
485 SimExit
486 Elapsed time:    0:00:01    Sun Nov 17 22:00:19 2024
487 User CPU time used: 0 seconds
488 System CPU time used: 0 seconds
489 Sim process exit
