/export/SoftWare/Synopsys/fpga/Q-2020.03/bin/c_hdl  -nooutputcheck  -top  wujian100_open_top  -hdllog  /home/master/xuantie/wujian100_open/fpga/synplify/wujian100_open_200t_3b_rev/syntax.log  -encrypt  -mp  4  -verification_mode 0  -verilog  -prodtype  synplify  -useclone -ui   -I /home/master/xuantie/wujian100_open/soc/params  -I /home/master/xuantie/wujian100_open/fpga/synplify/  -I /export/SoftWare/Synopsys/fpga/Q-2020.03/lib   -v2001  -dspmac -pqdpadd -use_vivado -primux -fixsmult -sdff_counter -infer_seqShift -verification_mode 0 -nram -divnmod -continue_on_error -loadunimacro  -devicelib  /export/SoftWare/Synopsys/fpga/Q-2020.03/lib/xilinx/unisim_retarget.v  -devicelib  /export/SoftWare/Synopsys/fpga/Q-2020.03/lib/xilinx/unisim_vivado.v  -dmgen  /home/master/xuantie/wujian100_open/fpga/synplify/wujian100_open_200t_3b_rev/dm  -ui -fid2 -ram -sharing on -ll 2000  -D_MULTIPLE_FILE_COMPILATION_UNIT_  -dc_root  /tools/synopsys/syn_vD-2010.03  -fast_synthesis 0  -lib work /home/master/xuantie/wujian100_open/fpga/wujian100_open_fpga_top.v -lib work /home/master/xuantie/wujian100_open/soc/ahb_matrix_top.v -lib work /home/master/xuantie/wujian100_open/soc/smu_top.v -lib work /home/master/xuantie/wujian100_open/soc/sms.v -lib work /home/master/xuantie/wujian100_open/soc/ls_sub_top.v -lib work /home/master/xuantie/wujian100_open/soc/retu_top.v -lib work /home/master/xuantie/wujian100_open/soc/tim5.v -lib work /home/master/xuantie/wujian100_open/soc/tim.v -lib work /home/master/xuantie/wujian100_open/soc/dmac.v -lib work /home/master/xuantie/wujian100_open/soc/pdu_top.v -lib work /home/master/xuantie/wujian100_open/soc/tim2.v -lib work /home/master/xuantie/wujian100_open/soc/usi1.v -lib work /home/master/xuantie/wujian100_open/soc/aou_top.v -lib work /home/master/xuantie/wujian100_open/soc/matrix.v -lib work /home/master/xuantie/wujian100_open/soc/dummy.v -lib work /home/master/xuantie/wujian100_open/soc/pwm.v -lib work /home/master/xuantie/wujian100_open/soc/usi0.v -lib work /home/master/xuantie/wujian100_open/soc/apb0_sub_top.v -lib work /home/master/xuantie/wujian100_open/soc/common.v -lib work /home/master/xuantie/wujian100_open/soc/wdt.v -lib work /home/master/xuantie/wujian100_open/soc/tim1.v -lib work /home/master/xuantie/wujian100_open/soc/rtc.v -lib work /home/master/xuantie/wujian100_open/soc/E902_20191018.v -lib work /home/master/xuantie/wujian100_open/soc/tim7.v -lib work /home/master/xuantie/wujian100_open/soc/apb0.v -lib work /home/master/xuantie/wujian100_open/soc/apb1_sub_top.v -lib work /home/master/xuantie/wujian100_open/soc/gpio0.v -lib work /home/master/xuantie/wujian100_open/soc/tim4.v -lib work /home/master/xuantie/wujian100_open/soc/tim3.v -lib work /home/master/xuantie/wujian100_open/soc/clkgen.v -lib work /home/master/xuantie/wujian100_open/soc/core_top.v -lib work /home/master/xuantie/wujian100_open/soc/tim6.v -lib work /home/master/xuantie/wujian100_open/soc/apb1.v -lib work /home/master/xuantie/wujian100_open/soc/sim_lib/PAD_DIG_IO.v -lib work /home/master/xuantie/wujian100_open/soc/sim_lib/PAD_OSC_IO.v -lib work /home/master/xuantie/wujian100_open/soc/sim_lib/fpga_byte_spram.v -lib work /home/master/xuantie/wujian100_open/soc/sim_lib/fpga_spram.v   -jobname  "syntax_check" 
relcom:/export/SoftWare/Synopsys/fpga/Q-2020.03/bin/c_hdl -nooutputcheck -top wujian100_open_top -hdllog ../syntax.log -encrypt -mp 4 -verification_mode 0 -verilog -prodtype synplify -useclone -ui -I ../../../../soc/params -I ../../ -I /export/SoftWare/Synopsys/fpga/Q-2020.03/lib -v2001 -dspmac -pqdpadd -use_vivado -primux -fixsmult -sdff_counter -infer_seqShift -verification_mode 0 -nram -divnmod -continue_on_error -loadunimacro -devicelib /export/SoftWare/Synopsys/fpga/Q-2020.03/lib/xilinx/unisim_retarget.v -devicelib /export/SoftWare/Synopsys/fpga/Q-2020.03/lib/xilinx/unisim_vivado.v -dmgen ../dm -ui -fid2 -ram -sharing on -ll 2000 -D_MULTIPLE_FILE_COMPILATION_UNIT_ -dc_root /tools/synopsys/syn_vD-2010.03 -fast_synthesis 0 -lib work ../../../wujian100_open_fpga_top.v -lib work ../../../../soc/ahb_matrix_top.v -lib work ../../../../soc/smu_top.v -lib work ../../../../soc/sms.v -lib work ../../../../soc/ls_sub_top.v -lib work ../../../../soc/retu_top.v -lib work ../../../../soc/tim5.v -lib work ../../../../soc/tim.v -lib work ../../../../soc/dmac.v -lib work ../../../../soc/pdu_top.v -lib work ../../../../soc/tim2.v -lib work ../../../../soc/usi1.v -lib work ../../../../soc/aou_top.v -lib work ../../../../soc/matrix.v -lib work ../../../../soc/dummy.v -lib work ../../../../soc/pwm.v -lib work ../../../../soc/usi0.v -lib work ../../../../soc/apb0_sub_top.v -lib work ../../../../soc/common.v -lib work ../../../../soc/wdt.v -lib work ../../../../soc/tim1.v -lib work ../../../../soc/rtc.v -lib work ../../../../soc/E902_20191018.v -lib work ../../../../soc/tim7.v -lib work ../../../../soc/apb0.v -lib work ../../../../soc/apb1_sub_top.v -lib work ../../../../soc/gpio0.v -lib work ../../../../soc/tim4.v -lib work ../../../../soc/tim3.v -lib work ../../../../soc/clkgen.v -lib work ../../../../soc/core_top.v -lib work ../../../../soc/tim6.v -lib work ../../../../soc/apb1.v -lib work ../../../../soc/sim_lib/PAD_DIG_IO.v -lib work ../../../../soc/sim_lib/PAD_OSC_IO.v -lib work ../../../../soc/sim_lib/fpga_byte_spram.v -lib work ../../../../soc/sim_lib/fpga_spram.v -jobname "syntax_check"
rc:0 success:1 runtime:53
file:../syntax.log|io:o|time:1731934510|size:93100|exec:0|csum:
file:/export/SoftWare/Synopsys/fpga/Q-2020.03/lib/xilinx/unisim_retarget.v|io:i|time:1582930608|size:573693|exec:0|csum:601255E8B21040E53A5CE4A96832EF60
file:/export/SoftWare/Synopsys/fpga/Q-2020.03/lib/xilinx/unisim_vivado.v|io:i|time:1582930608|size:1657443|exec:0|csum:243F4FABC63B4C4CE5E666B0859D642B
file:/tools/synopsys/syn_vD-2010.03|io:o|time:0|size:-1|exec:0|csum:
file:../../../wujian100_open_fpga_top.v|io:i|time:1731834527|size:67711|exec:0|csum:C643FD5E328C42681A2D968F9C16003A
file:../../../../soc/ahb_matrix_top.v|io:i|time:1731834527|size:50757|exec:0|csum:B81936FCC87468FD26A4370EA6C1496D
file:../../../../soc/smu_top.v|io:i|time:1731834527|size:7974|exec:0|csum:FF6B2697A8FA8210DB821916BC81124B
file:../../../../soc/sms.v|io:i|time:1731834527|size:29425|exec:0|csum:F1429B69468B8A2E252C28338436477C
file:../../../../soc/ls_sub_top.v|io:i|time:1731834527|size:15565|exec:0|csum:14814E12A2B20041B244529368842481
file:../../../../soc/retu_top.v|io:i|time:1731834527|size:7498|exec:0|csum:316E9AAAEF83BCE0CFF51F8F730C4825
file:../../../../soc/tim5.v|io:i|time:1731834527|size:6640|exec:0|csum:61291EE8B8D82D8C8DB102CD4F57992D
file:../../../../soc/tim.v|io:i|time:1731834527|size:29419|exec:0|csum:28D3360F80D68EBB3CEE4D7084A4D60E
file:../../../../soc/dmac.v|io:i|time:1731834527|size:720061|exec:0|csum:277D68B1CBDC188D3C9573DCD1C5C11B
file:../../../../soc/pdu_top.v|io:i|time:1731834527|size:52234|exec:0|csum:A1CCC5C1A8E96D7D9DFF03ADBA2D045A
file:../../../../soc/tim2.v|io:i|time:1731834527|size:6640|exec:0|csum:041AC185B88306C7D58103A9EBAB6349
file:../../../../soc/usi1.v|io:i|time:1731834527|size:9520|exec:0|csum:FDC9BAA199D0EA4F20632860E64624F2
file:../../../../soc/aou_top.v|io:i|time:1731834527|size:23256|exec:0|csum:19DC4E69E346B61022C689C85B82D1AD
file:../../../../soc/matrix.v|io:i|time:1731834527|size:1423295|exec:0|csum:EF2BDBB44EDE202B8513F60A1988E625
file:../../../../soc/dummy.v|io:i|time:1731834527|size:3249|exec:0|csum:C1BA70D8F220A27C21ACA17281F19A82
file:../../../../soc/pwm.v|io:i|time:1731834527|size:198243|exec:0|csum:02E3825CB20B1B36BB178484EF31A0FE
file:../../../../soc/usi0.v|io:i|time:1731834527|size:147706|exec:0|csum:4C577D3D4F7B0D3ECC4475CD91BCD9FE
file:../../../../soc/apb0_sub_top.v|io:i|time:1731834527|size:42732|exec:0|csum:9351C1198FFF2A5DB1759689995C3B5E
file:../../../../soc/common.v|io:i|time:1731834527|size:2278|exec:0|csum:22E220C38B985B4B360A2610165B7927
file:../../../../soc/wdt.v|io:i|time:1731834527|size:27226|exec:0|csum:F85A701F0B8BCA0D11BF43CDAEACBCBF
file:../../../../soc/tim1.v|io:i|time:1731834527|size:6638|exec:0|csum:F5B07090DE3F781571F5EA2C19C9B844
file:../../../../soc/rtc.v|io:i|time:1731834527|size:33128|exec:0|csum:64DABD95CFD2ADD295AA74FC9075713F
file:../../../../soc/E902_20191018.v|io:i|time:1731834527|size:1052186|exec:0|csum:16AC20FE9AEBD28FF594A3F2D58BD22E
file:../../../../soc/tim7.v|io:i|time:1731834527|size:6639|exec:0|csum:70732268B15CFDADFAE1554D9F817669
file:../../../../soc/apb0.v|io:i|time:1731834527|size:34735|exec:0|csum:71E97ACD1D8734B84EFC06E1331825FF
file:../../../../soc/apb1_sub_top.v|io:i|time:1731834527|size:29377|exec:0|csum:C0A69B5AB1A805B9F13F62256188F91C
file:../../../../soc/gpio0.v|io:i|time:1731834527|size:49128|exec:0|csum:209FDC21F7FA36E972434023950936EC
file:../../../../soc/tim4.v|io:i|time:1731834527|size:6639|exec:0|csum:910BDB84F08E61F03B1D1C1AB37F49DC
file:../../../../soc/tim3.v|io:i|time:1731834527|size:6639|exec:0|csum:F78A8A83956A1DBBF92E892B4D284289
file:../../../../soc/clkgen.v|io:i|time:1731834527|size:17809|exec:0|csum:622C89E1D4B9C1957D16A8A82A02C842
file:../../../../soc/core_top.v|io:i|time:1731834527|size:24406|exec:0|csum:D9C8E8FA025F1E57808136413F9ADCEB
file:../../../../soc/tim6.v|io:i|time:1731834527|size:6639|exec:0|csum:E2FEBE9D3F2E2D5222DF07DBB8F4B38F
file:../../../../soc/apb1.v|io:i|time:1731834527|size:34735|exec:0|csum:41133A75D0F3AD2D500EC9489652E32D
file:../../../../soc/sim_lib/PAD_DIG_IO.v|io:i|time:1731834527|size:1280|exec:0|csum:ECF36659F07426E6A23EAA84CE8BCA96
file:../../../../soc/sim_lib/PAD_OSC_IO.v|io:i|time:1731834527|size:1303|exec:0|csum:C60D2C2576086D1625B392EF895C63C6
file:../../../../soc/sim_lib/fpga_byte_spram.v|io:i|time:1731834527|size:1661|exec:0|csum:ADE613110F308DFDBA6AE3BED1B2AA47
file:../../../../soc/sim_lib/fpga_spram.v|io:i|time:1731834527|size:2033|exec:0|csum:619B30A5AA245D8C1E9C4C25219B377D
file:/export/SoftWare/Synopsys/fpga/Q-2020.03/linux_a_64/c_hdl|io:i|time:1582930705|size:8663848|exec:1|csum:53431FCC4646F5C6F534D5562D5B59A4
file:/export/SoftWare/Synopsys/fpga/Q-2020.03/bin/c_hdl|io:i|time:1582930458|size:367|exec:1|csum:E52A0D56112AD6C22F02B648B6F508CE
